#
# There is insufficient memory for the Java Runtime Environment to continue.
# Native memory allocation (malloc) failed to allocate 1074896 bytes. Error detail: Chunk::new
# Possible reasons:
#   The system is out of physical RAM or swap space
#   This process is running with CompressedOops enabled, and the Java Heap may be blocking the growth of the native heap
# Possible solutions:
#   Reduce memory load on the system
#   Increase physical memory or swap space
#   Check if swap backing store is full
#   Decrease Java heap size (-Xmx/-Xms)
#   Decrease number of Java threads
#   Decrease Java thread stack sizes (-Xss)
#   Set larger code cache with -XX:ReservedCodeCacheSize=
#   JVM is running with Zero Based Compressed Oops mode in which the Java heap is
#     placed in the first 32GB address space. The Java Heap base address is the
#     maximum limit for the native heap growth. Please use -XX:HeapBaseMinAddress
#     to set the Java Heap base and to place the Java Heap above 32GB virtual address.
# This output file may be truncated or incomplete.
#
#  Out of Memory Error (arena.cpp:168), pid=34176, tid=19332
#
# JRE version: OpenJDK Runtime Environment Temurin-21.0.9+10 (21.0.9+10) (build 21.0.9+10-LTS)
# Java VM: OpenJDK 64-Bit Server VM Temurin-21.0.9+10 (21.0.9+10-LTS, mixed mode, sharing, tiered, compressed oops, compressed class ptrs, g1 gc, windows-amd64)
# No core dump will be written. Minidumps are not enabled by default on client versions of Windows
#

---------------  S U M M A R Y ------------

Command Line: -Dfile.encoding=UTF-8 -Dstdout.encoding=UTF-8 -Dstderr.encoding=UTF-8 -XX:+ShowCodeDetailsInExceptionMessages Databind.Logindata

Host: Intel(R) Core(TM) 5 210H, 12 cores, 15G,  Windows 11 , 64 bit Build 26100 (10.0.26100.7309)
Time: Thu Jan  8 17:28:24 2026 India Standard Time elapsed time: 6.311880 seconds (0d 0h 0m 6s)

---------------  T H R E A D  ---------------

Current thread (0x000001ebc6844f10):  JavaThread "C2 CompilerThread1" daemon [_thread_in_native, id=19332, stack(0x000000087a600000,0x000000087a700000) (1024K)]


Current CompileTask:
C2:6312 1901       4       java.lang.invoke.MethodType::methodType (69 bytes)

Stack: [0x000000087a600000,0x000000087a700000]
Native frames: (J=compiled Java code, j=interpreted, Vv=VM code, C=native code)
V  [jvm.dll+0x6d6e29]
V  [jvm.dll+0x8b4b76]
V  [jvm.dll+0x8b712e]
V  [jvm.dll+0x8b7813]
V  [jvm.dll+0x283d86]
V  [jvm.dll+0xc66ed]
V  [jvm.dll+0xc6c31]
V  [jvm.dll+0x2facee]
V  [jvm.dll+0x5fde44]
V  [jvm.dll+0x255557]
V  [jvm.dll+0x24dc5f]
V  [jvm.dll+0x24b482]
V  [jvm.dll+0x1cb13e]
V  [jvm.dll+0x25b29d]
V  [jvm.dll+0x25982a]
V  [jvm.dll+0x3f7ea6]
V  [jvm.dll+0x85e9ad]
V  [jvm.dll+0x6d565d]
C  [ucrtbase.dll+0x37b0]
C  [KERNEL32.DLL+0x2e8d7]
C  [ntdll.dll+0x8c53c]


---------------  P R O C E S S  ---------------

Threads class SMR info:
_java_thread_list=0x000001ebc66cd3f0, length=26, elements={
0x000001ebe348c290, 0x000001ebff8158e0, 0x000001ebff817f50, 0x000001ebff81bfe0,
0x000001ebff81c9a0, 0x000001ebff81d000, 0x000001ebff81d660, 0x000001ebff81e790,
0x000001eb80234ed0, 0x000001eb8038f600, 0x000001eb8039f560, 0x000001ebc64943b0,
0x000001ebc65079c0, 0x000001ebc6506620, 0x000001eb80bc5690, 0x000001ebc65abdd0,
0x000001ebc65bc430, 0x000001ebc65cd520, 0x000001ebc660bdb0, 0x000001ebc666c610,
0x000001ebc666cca0, 0x000001ebc6669820, 0x000001ebc666bf80, 0x000001ebc6669eb0,
0x000001ebc666a540, 0x000001ebc6844f10
}

Java Threads: ( => current thread )
  0x000001ebe348c290 JavaThread "main"                              [_thread_in_vm, id=20716, stack(0x0000000877c00000,0x0000000877d00000) (1024K)]
  0x000001ebff8158e0 JavaThread "Reference Handler"          daemon [_thread_blocked, id=30612, stack(0x0000000878400000,0x0000000878500000) (1024K)]
  0x000001ebff817f50 JavaThread "Finalizer"                  daemon [_thread_blocked, id=10160, stack(0x0000000878500000,0x0000000878600000) (1024K)]
  0x000001ebff81bfe0 JavaThread "Signal Dispatcher"          daemon [_thread_blocked, id=23460, stack(0x0000000878600000,0x0000000878700000) (1024K)]
  0x000001ebff81c9a0 JavaThread "Attach Listener"            daemon [_thread_blocked, id=3744, stack(0x0000000878700000,0x0000000878800000) (1024K)]
  0x000001ebff81d000 JavaThread "Service Thread"             daemon [_thread_blocked, id=30452, stack(0x0000000878800000,0x0000000878900000) (1024K)]
  0x000001ebff81d660 JavaThread "Monitor Deflation Thread"   daemon [_thread_blocked, id=29524, stack(0x0000000878900000,0x0000000878a00000) (1024K)]
  0x000001ebff81e790 JavaThread "C2 CompilerThread0"         daemon [_thread_in_native, id=15680, stack(0x0000000878a00000,0x0000000878b00000) (1024K)]
  0x000001eb80234ed0 JavaThread "C1 CompilerThread0"         daemon [_thread_blocked, id=1492, stack(0x0000000878b00000,0x0000000878c00000) (1024K)]
  0x000001eb8038f600 JavaThread "Notification Thread"        daemon [_thread_blocked, id=5164, stack(0x0000000878c00000,0x0000000878d00000) (1024K)]
  0x000001eb8039f560 JavaThread "Common-Cleaner"             daemon [_thread_blocked, id=20264, stack(0x0000000878d00000,0x0000000878e00000) (1024K)]
  0x000001ebc64943b0 JavaThread "ForkJoinPool.commonPool-worker-1" daemon [_thread_blocked, id=34376, stack(0x0000000878e00000,0x0000000878f00000) (1024K)]
  0x000001ebc65079c0 JavaThread "HttpClient-1-SelectorManager" daemon [_thread_in_native, id=31384, stack(0x0000000879900000,0x0000000879a00000) (1024K)]
  0x000001ebc6506620 JavaThread "External Process Output Forwarder - C:\Users\NEWUSER\.cache\selenium\chromedriver\win64\143.0.7499.192\chromedriver.exe" daemon [_thread_in_native, id=5824, stack(0x0000000879a00000,0x0000000879b00000) (1024K)]
  0x000001eb80bc5690 JavaThread "Driver Service Executor"    daemon [_thread_blocked, id=22692, stack(0x0000000879800000,0x0000000879900000) (1024K)]
  0x000001ebc65abdd0 JavaThread "Driver Service Executor"    daemon [_thread_in_native, id=10520, stack(0x0000000879b00000,0x0000000879c00000) (1024K)]
  0x000001ebc65bc430 JavaThread "UrlChecker-2"               daemon [_thread_blocked, id=31948, stack(0x0000000879c00000,0x0000000879d00000) (1024K)]
  0x000001ebc65cd520 JavaThread "Keep-Alive-Timer"           daemon [_thread_blocked, id=26088, stack(0x0000000879e00000,0x0000000879f00000) (1024K)]
  0x000001ebc660bdb0 JavaThread "JdkHttpClient-0-0"          daemon [_thread_blocked, id=28416, stack(0x0000000879f00000,0x000000087a000000) (1024K)]
  0x000001ebc666c610 JavaThread "JdkHttpClient-0-1"          daemon [_thread_blocked, id=21596, stack(0x000000087a000000,0x000000087a100000) (1024K)]
  0x000001ebc666cca0 JavaThread "JdkHttpClient-0-2"          daemon [_thread_blocked, id=17176, stack(0x000000087a100000,0x000000087a200000) (1024K)]
  0x000001ebc6669820 JavaThread "HttpClient-2-SelectorManager" daemon [_thread_in_native, id=24100, stack(0x000000087a200000,0x000000087a300000) (1024K)]
  0x000001ebc666bf80 JavaThread "JdkHttpClient-1-0"          daemon [_thread_blocked, id=17748, stack(0x000000087a300000,0x000000087a400000) (1024K)]
  0x000001ebc6669eb0 JavaThread "JdkHttpClient-1-1"          daemon [_thread_blocked, id=13936, stack(0x000000087a400000,0x000000087a500000) (1024K)]
  0x000001ebc666a540 JavaThread "JdkHttpClient-1-2"          daemon [_thread_blocked, id=8540, stack(0x000000087a500000,0x000000087a600000) (1024K)]
=>0x000001ebc6844f10 JavaThread "C2 CompilerThread1"         daemon [_thread_in_native, id=19332, stack(0x000000087a600000,0x000000087a700000) (1024K)]
Total: 26

Other Threads:
  0x000001ebff7fc800 VMThread "VM Thread"                           [id=25132, stack(0x0000000878300000,0x0000000878400000) (1024K)]
  0x000001ebff7ea300 WatcherThread "VM Periodic Task Thread"        [id=17356, stack(0x0000000878200000,0x0000000878300000) (1024K)]
  0x000001ebe3ae6f70 WorkerThread "GC Thread#0"                     [id=24528, stack(0x0000000877d00000,0x0000000877e00000) (1024K)]
  0x000001ebc6547160 WorkerThread "GC Thread#1"                     [id=33176, stack(0x0000000878f00000,0x0000000879000000) (1024K)]
  0x000001ebc654d6e0 WorkerThread "GC Thread#2"                     [id=16356, stack(0x0000000879000000,0x0000000879100000) (1024K)]
  0x000001ebc654da80 WorkerThread "GC Thread#3"                     [id=4144, stack(0x0000000879100000,0x0000000879200000) (1024K)]
  0x000001ebc654de20 WorkerThread "GC Thread#4"                     [id=656, stack(0x0000000879200000,0x0000000879300000) (1024K)]
  0x000001ebc654e1c0 WorkerThread "GC Thread#5"                     [id=25900, stack(0x0000000879300000,0x0000000879400000) (1024K)]
  0x000001ebc64e50a0 WorkerThread "GC Thread#6"                     [id=20232, stack(0x0000000879400000,0x0000000879500000) (1024K)]
  0x000001ebc64e3ae0 WorkerThread "GC Thread#7"                     [id=19356, stack(0x0000000879500000,0x0000000879600000) (1024K)]
  0x000001ebc64e3e80 WorkerThread "GC Thread#8"                     [id=29904, stack(0x0000000879600000,0x0000000879700000) (1024K)]
  0x000001ebc64e3740 WorkerThread "GC Thread#9"                     [id=12220, stack(0x0000000879700000,0x0000000879800000) (1024K)]
  0x000001ebe3af78c0 ConcurrentGCThread "G1 Main Marker"            [id=30536, stack(0x0000000877e00000,0x0000000877f00000) (1024K)]
  0x000001ebe3afadc0 WorkerThread "G1 Conc#0"                       [id=15584, stack(0x0000000877f00000,0x0000000878000000) (1024K)]
  0x000001ebff6bb390 ConcurrentGCThread "G1 Refine#0"               [id=31020, stack(0x0000000878000000,0x0000000878100000) (1024K)]
  0x000001ebff6bd8c0 ConcurrentGCThread "G1 Service"                [id=31764, stack(0x0000000878100000,0x0000000878200000) (1024K)]
Total: 16

Threads with active compile tasks:
C2 CompilerThread0  6410 1802       4       java.lang.invoke.MethodType::makeImpl (109 bytes)
C2 CompilerThread1  6410 1901       4       java.lang.invoke.MethodType::methodType (69 bytes)
Total: 2

VM state: not at safepoint (normal execution)

VM Mutex/Monitor currently owned by a thread: None

Heap address: 0x0000000707200000, size: 3982 MB, Compressed Oops mode: Zero based, Oop shift amount: 3

CDS archive(s) mapped at: [0x000001eb81000000-0x000001eb81c80000-0x000001eb81c80000), size 13107200, SharedBaseAddress: 0x000001eb81000000, ArchiveRelocationMode: 1.
Compressed class space mapped at: 0x000001eb82000000-0x000001ebc2000000, reserved size: 1073741824
Narrow klass base: 0x000001eb81000000, Narrow klass shift: 0, Narrow klass range: 0x100000000

GC Precious Log:
 CardTable entry size: 512
 Card Set container configuration: InlinePtr #cards 4 size 8 Array Of Cards #cards 16 size 48 Howl #buckets 8 coarsen threshold 3686 Howl Bitmap #cards 512 size 80 coarsen threshold 460 Card regions per heap region 1 cards per card region 4096
 CPUs: 12 total, 12 available
 Memory: 15926M
 Large Page Support: Disabled
 NUMA Support: Disabled
 Compressed Oops: Enabled (Zero based)
 Heap Region Size: 2M
 Heap Min Capacity: 8M
 Heap Initial Capacity: 250M
 Heap Max Capacity: 3982M
 Pre-touch: Disabled
 Parallel Workers: 10
 Concurrent Workers: 3
 Concurrent Refinement Workers: 10
 Periodic GC: Disabled

Heap:
 garbage-first heap   total 256000K, used 11511K [0x0000000707200000, 0x0000000800000000)
  region size 2048K, 3 young (6144K), 2 survivors (4096K)
 Metaspace       used 13151K, committed 13504K, reserved 1114112K
  class space    used 1547K, committed 1728K, reserved 1048576K

Heap Regions: E=young(eden), S=young(survivor), O=old, HS=humongous(starts), HC=humongous(continues), CS=collection set, F=free, TAMS=top-at-mark-start, PB=parsable bottom
|   0|0x0000000707200000, 0x0000000707400000, 0x0000000707400000|100%| O|  |TAMS 0x0000000707200000| PB 0x0000000707200000| Untracked 
|   1|0x0000000707400000, 0x0000000707600000, 0x0000000707600000|100%| O|  |TAMS 0x0000000707400000| PB 0x0000000707400000| Untracked 
|   2|0x0000000707600000, 0x0000000707800000, 0x0000000707800000|100%| O|  |TAMS 0x0000000707600000| PB 0x0000000707600000| Untracked 
|   3|0x0000000707800000, 0x0000000707a00000, 0x0000000707a00000|100%| O|  |TAMS 0x0000000707800000| PB 0x0000000707800000| Untracked 
|   4|0x0000000707a00000, 0x0000000707a908b8, 0x0000000707c00000| 28%| O|  |TAMS 0x0000000707a00000| PB 0x0000000707a00000| Untracked 
|   5|0x0000000707c00000, 0x0000000707c00000, 0x0000000707e00000|  0%| F|  |TAMS 0x0000000707c00000| PB 0x0000000707c00000| Untracked 
|   6|0x0000000707e00000, 0x0000000707e00000, 0x0000000708000000|  0%| F|  |TAMS 0x0000000707e00000| PB 0x0000000707e00000| Untracked 
|   7|0x0000000708000000, 0x0000000708000000, 0x0000000708200000|  0%| F|  |TAMS 0x0000000708000000| PB 0x0000000708000000| Untracked 
|   8|0x0000000708200000, 0x0000000708200000, 0x0000000708400000|  0%| F|  |TAMS 0x0000000708200000| PB 0x0000000708200000| Untracked 
|   9|0x0000000708400000, 0x0000000708400000, 0x0000000708600000|  0%| F|  |TAMS 0x0000000708400000| PB 0x0000000708400000| Untracked 
|  10|0x0000000708600000, 0x0000000708600000, 0x0000000708800000|  0%| F|  |TAMS 0x0000000708600000| PB 0x0000000708600000| Untracked 
|  11|0x0000000708800000, 0x0000000708800000, 0x0000000708a00000|  0%| F|  |TAMS 0x0000000708800000| PB 0x0000000708800000| Untracked 
|  12|0x0000000708a00000, 0x0000000708a00000, 0x0000000708c00000|  0%| F|  |TAMS 0x0000000708a00000| PB 0x0000000708a00000| Untracked 
|  13|0x0000000708c00000, 0x0000000708c00000, 0x0000000708e00000|  0%| F|  |TAMS 0x0000000708c00000| PB 0x0000000708c00000| Untracked 
|  14|0x0000000708e00000, 0x0000000708e00000, 0x0000000709000000|  0%| F|  |TAMS 0x0000000708e00000| PB 0x0000000708e00000| Untracked 
|  15|0x0000000709000000, 0x0000000709000000, 0x0000000709200000|  0%| F|  |TAMS 0x0000000709000000| PB 0x0000000709000000| Untracked 
|  16|0x0000000709200000, 0x0000000709200000, 0x0000000709400000|  0%| F|  |TAMS 0x0000000709200000| PB 0x0000000709200000| Untracked 
|  17|0x0000000709400000, 0x0000000709400000, 0x0000000709600000|  0%| F|  |TAMS 0x0000000709400000| PB 0x0000000709400000| Untracked 
|  18|0x0000000709600000, 0x0000000709600000, 0x0000000709800000|  0%| F|  |TAMS 0x0000000709600000| PB 0x0000000709600000| Untracked 
|  19|0x0000000709800000, 0x0000000709800000, 0x0000000709a00000|  0%| F|  |TAMS 0x0000000709800000| PB 0x0000000709800000| Untracked 
|  20|0x0000000709a00000, 0x0000000709a00000, 0x0000000709c00000|  0%| F|  |TAMS 0x0000000709a00000| PB 0x0000000709a00000| Untracked 
|  21|0x0000000709c00000, 0x0000000709c00000, 0x0000000709e00000|  0%| F|  |TAMS 0x0000000709c00000| PB 0x0000000709c00000| Untracked 
|  22|0x0000000709e00000, 0x0000000709e00000, 0x000000070a000000|  0%| F|  |TAMS 0x0000000709e00000| PB 0x0000000709e00000| Untracked 
|  23|0x000000070a000000, 0x000000070a000000, 0x000000070a200000|  0%| F|  |TAMS 0x000000070a000000| PB 0x000000070a000000| Untracked 
|  24|0x000000070a200000, 0x000000070a200000, 0x000000070a400000|  0%| F|  |TAMS 0x000000070a200000| PB 0x000000070a200000| Untracked 
|  25|0x000000070a400000, 0x000000070a400000, 0x000000070a600000|  0%| F|  |TAMS 0x000000070a400000| PB 0x000000070a400000| Untracked 
|  26|0x000000070a600000, 0x000000070a600000, 0x000000070a800000|  0%| F|  |TAMS 0x000000070a600000| PB 0x000000070a600000| Untracked 
|  27|0x000000070a800000, 0x000000070a800000, 0x000000070aa00000|  0%| F|  |TAMS 0x000000070a800000| PB 0x000000070a800000| Untracked 
|  28|0x000000070aa00000, 0x000000070aa00000, 0x000000070ac00000|  0%| F|  |TAMS 0x000000070aa00000| PB 0x000000070aa00000| Untracked 
|  29|0x000000070ac00000, 0x000000070ac00000, 0x000000070ae00000|  0%| F|  |TAMS 0x000000070ac00000| PB 0x000000070ac00000| Untracked 
|  30|0x000000070ae00000, 0x000000070ae00000, 0x000000070b000000|  0%| F|  |TAMS 0x000000070ae00000| PB 0x000000070ae00000| Untracked 
|  31|0x000000070b000000, 0x000000070b000000, 0x000000070b200000|  0%| F|  |TAMS 0x000000070b000000| PB 0x000000070b000000| Untracked 
|  32|0x000000070b200000, 0x000000070b200000, 0x000000070b400000|  0%| F|  |TAMS 0x000000070b200000| PB 0x000000070b200000| Untracked 
|  33|0x000000070b400000, 0x000000070b400000, 0x000000070b600000|  0%| F|  |TAMS 0x000000070b400000| PB 0x000000070b400000| Untracked 
|  34|0x000000070b600000, 0x000000070b600000, 0x000000070b800000|  0%| F|  |TAMS 0x000000070b600000| PB 0x000000070b600000| Untracked 
|  35|0x000000070b800000, 0x000000070b800000, 0x000000070ba00000|  0%| F|  |TAMS 0x000000070b800000| PB 0x000000070b800000| Untracked 
|  36|0x000000070ba00000, 0x000000070ba00000, 0x000000070bc00000|  0%| F|  |TAMS 0x000000070ba00000| PB 0x000000070ba00000| Untracked 
|  37|0x000000070bc00000, 0x000000070bc00000, 0x000000070be00000|  0%| F|  |TAMS 0x000000070bc00000| PB 0x000000070bc00000| Untracked 
|  38|0x000000070be00000, 0x000000070be00000, 0x000000070c000000|  0%| F|  |TAMS 0x000000070be00000| PB 0x000000070be00000| Untracked 
|  39|0x000000070c000000, 0x000000070c000000, 0x000000070c200000|  0%| F|  |TAMS 0x000000070c000000| PB 0x000000070c000000| Untracked 
|  40|0x000000070c200000, 0x000000070c200000, 0x000000070c400000|  0%| F|  |TAMS 0x000000070c200000| PB 0x000000070c200000| Untracked 
|  41|0x000000070c400000, 0x000000070c400000, 0x000000070c600000|  0%| F|  |TAMS 0x000000070c400000| PB 0x000000070c400000| Untracked 
|  42|0x000000070c600000, 0x000000070c600000, 0x000000070c800000|  0%| F|  |TAMS 0x000000070c600000| PB 0x000000070c600000| Untracked 
|  43|0x000000070c800000, 0x000000070c800000, 0x000000070ca00000|  0%| F|  |TAMS 0x000000070c800000| PB 0x000000070c800000| Untracked 
|  44|0x000000070ca00000, 0x000000070ca00000, 0x000000070cc00000|  0%| F|  |TAMS 0x000000070ca00000| PB 0x000000070ca00000| Untracked 
|  45|0x000000070cc00000, 0x000000070cc00000, 0x000000070ce00000|  0%| F|  |TAMS 0x000000070cc00000| PB 0x000000070cc00000| Untracked 
|  46|0x000000070ce00000, 0x000000070ce00000, 0x000000070d000000|  0%| F|  |TAMS 0x000000070ce00000| PB 0x000000070ce00000| Untracked 
|  47|0x000000070d000000, 0x000000070d000000, 0x000000070d200000|  0%| F|  |TAMS 0x000000070d000000| PB 0x000000070d000000| Untracked 
|  48|0x000000070d200000, 0x000000070d200000, 0x000000070d400000|  0%| F|  |TAMS 0x000000070d200000| PB 0x000000070d200000| Untracked 
|  49|0x000000070d400000, 0x000000070d400000, 0x000000070d600000|  0%| F|  |TAMS 0x000000070d400000| PB 0x000000070d400000| Untracked 
|  50|0x000000070d600000, 0x000000070d600000, 0x000000070d800000|  0%| F|  |TAMS 0x000000070d600000| PB 0x000000070d600000| Untracked 
|  51|0x000000070d800000, 0x000000070d800000, 0x000000070da00000|  0%| F|  |TAMS 0x000000070d800000| PB 0x000000070d800000| Untracked 
|  52|0x000000070da00000, 0x000000070da00000, 0x000000070dc00000|  0%| F|  |TAMS 0x000000070da00000| PB 0x000000070da00000| Untracked 
|  53|0x000000070dc00000, 0x000000070dc00000, 0x000000070de00000|  0%| F|  |TAMS 0x000000070dc00000| PB 0x000000070dc00000| Untracked 
|  54|0x000000070de00000, 0x000000070de00000, 0x000000070e000000|  0%| F|  |TAMS 0x000000070de00000| PB 0x000000070de00000| Untracked 
|  55|0x000000070e000000, 0x000000070e000000, 0x000000070e200000|  0%| F|  |TAMS 0x000000070e000000| PB 0x000000070e000000| Untracked 
|  56|0x000000070e200000, 0x000000070e200000, 0x000000070e400000|  0%| F|  |TAMS 0x000000070e200000| PB 0x000000070e200000| Untracked 
|  57|0x000000070e400000, 0x000000070e400000, 0x000000070e600000|  0%| F|  |TAMS 0x000000070e400000| PB 0x000000070e400000| Untracked 
|  58|0x000000070e600000, 0x000000070e600000, 0x000000070e800000|  0%| F|  |TAMS 0x000000070e600000| PB 0x000000070e600000| Untracked 
|  59|0x000000070e800000, 0x000000070e800000, 0x000000070ea00000|  0%| F|  |TAMS 0x000000070e800000| PB 0x000000070e800000| Untracked 
|  60|0x000000070ea00000, 0x000000070ea00000, 0x000000070ec00000|  0%| F|  |TAMS 0x000000070ea00000| PB 0x000000070ea00000| Untracked 
|  61|0x000000070ec00000, 0x000000070ec00000, 0x000000070ee00000|  0%| F|  |TAMS 0x000000070ec00000| PB 0x000000070ec00000| Untracked 
|  62|0x000000070ee00000, 0x000000070ee00000, 0x000000070f000000|  0%| F|  |TAMS 0x000000070ee00000| PB 0x000000070ee00000| Untracked 
|  63|0x000000070f000000, 0x000000070f000000, 0x000000070f200000|  0%| F|  |TAMS 0x000000070f000000| PB 0x000000070f000000| Untracked 
|  64|0x000000070f200000, 0x000000070f200000, 0x000000070f400000|  0%| F|  |TAMS 0x000000070f200000| PB 0x000000070f200000| Untracked 
|  65|0x000000070f400000, 0x000000070f400000, 0x000000070f600000|  0%| F|  |TAMS 0x000000070f400000| PB 0x000000070f400000| Untracked 
|  66|0x000000070f600000, 0x000000070f600000, 0x000000070f800000|  0%| F|  |TAMS 0x000000070f600000| PB 0x000000070f600000| Untracked 
|  67|0x000000070f800000, 0x000000070f800000, 0x000000070fa00000|  0%| F|  |TAMS 0x000000070f800000| PB 0x000000070f800000| Untracked 
|  68|0x000000070fa00000, 0x000000070fa00000, 0x000000070fc00000|  0%| F|  |TAMS 0x000000070fa00000| PB 0x000000070fa00000| Untracked 
|  69|0x000000070fc00000, 0x000000070fc00000, 0x000000070fe00000|  0%| F|  |TAMS 0x000000070fc00000| PB 0x000000070fc00000| Untracked 
|  70|0x000000070fe00000, 0x000000070fe00000, 0x0000000710000000|  0%| F|  |TAMS 0x000000070fe00000| PB 0x000000070fe00000| Untracked 
|  71|0x0000000710000000, 0x0000000710000000, 0x0000000710200000|  0%| F|  |TAMS 0x0000000710000000| PB 0x0000000710000000| Untracked 
|  72|0x0000000710200000, 0x0000000710200000, 0x0000000710400000|  0%| F|  |TAMS 0x0000000710200000| PB 0x0000000710200000| Untracked 
|  73|0x0000000710400000, 0x0000000710400000, 0x0000000710600000|  0%| F|  |TAMS 0x0000000710400000| PB 0x0000000710400000| Untracked 
|  74|0x0000000710600000, 0x0000000710600000, 0x0000000710800000|  0%| F|  |TAMS 0x0000000710600000| PB 0x0000000710600000| Untracked 
|  75|0x0000000710800000, 0x0000000710800000, 0x0000000710a00000|  0%| F|  |TAMS 0x0000000710800000| PB 0x0000000710800000| Untracked 
|  76|0x0000000710a00000, 0x0000000710a00000, 0x0000000710c00000|  0%| F|  |TAMS 0x0000000710a00000| PB 0x0000000710a00000| Untracked 
|  77|0x0000000710c00000, 0x0000000710c00000, 0x0000000710e00000|  0%| F|  |TAMS 0x0000000710c00000| PB 0x0000000710c00000| Untracked 
|  78|0x0000000710e00000, 0x0000000710e00000, 0x0000000711000000|  0%| F|  |TAMS 0x0000000710e00000| PB 0x0000000710e00000| Untracked 
|  79|0x0000000711000000, 0x0000000711000000, 0x0000000711200000|  0%| F|  |TAMS 0x0000000711000000| PB 0x0000000711000000| Untracked 
|  80|0x0000000711200000, 0x0000000711200000, 0x0000000711400000|  0%| F|  |TAMS 0x0000000711200000| PB 0x0000000711200000| Untracked 
|  81|0x0000000711400000, 0x0000000711400000, 0x0000000711600000|  0%| F|  |TAMS 0x0000000711400000| PB 0x0000000711400000| Untracked 
|  82|0x0000000711600000, 0x0000000711600000, 0x0000000711800000|  0%| F|  |TAMS 0x0000000711600000| PB 0x0000000711600000| Untracked 
|  83|0x0000000711800000, 0x0000000711800000, 0x0000000711a00000|  0%| F|  |TAMS 0x0000000711800000| PB 0x0000000711800000| Untracked 
|  84|0x0000000711a00000, 0x0000000711a00000, 0x0000000711c00000|  0%| F|  |TAMS 0x0000000711a00000| PB 0x0000000711a00000| Untracked 
|  85|0x0000000711c00000, 0x0000000711c00000, 0x0000000711e00000|  0%| F|  |TAMS 0x0000000711c00000| PB 0x0000000711c00000| Untracked 
|  86|0x0000000711e00000, 0x0000000711e00000, 0x0000000712000000|  0%| F|  |TAMS 0x0000000711e00000| PB 0x0000000711e00000| Untracked 
|  87|0x0000000712000000, 0x0000000712000000, 0x0000000712200000|  0%| F|  |TAMS 0x0000000712000000| PB 0x0000000712000000| Untracked 
|  88|0x0000000712200000, 0x0000000712200000, 0x0000000712400000|  0%| F|  |TAMS 0x0000000712200000| PB 0x0000000712200000| Untracked 
|  89|0x0000000712400000, 0x0000000712400000, 0x0000000712600000|  0%| F|  |TAMS 0x0000000712400000| PB 0x0000000712400000| Untracked 
|  90|0x0000000712600000, 0x0000000712600000, 0x0000000712800000|  0%| F|  |TAMS 0x0000000712600000| PB 0x0000000712600000| Untracked 
|  91|0x0000000712800000, 0x0000000712800000, 0x0000000712a00000|  0%| F|  |TAMS 0x0000000712800000| PB 0x0000000712800000| Untracked 
|  92|0x0000000712a00000, 0x0000000712a00000, 0x0000000712c00000|  0%| F|  |TAMS 0x0000000712a00000| PB 0x0000000712a00000| Untracked 
|  93|0x0000000712c00000, 0x0000000712c00000, 0x0000000712e00000|  0%| F|  |TAMS 0x0000000712c00000| PB 0x0000000712c00000| Untracked 
|  94|0x0000000712e00000, 0x0000000712e00000, 0x0000000713000000|  0%| F|  |TAMS 0x0000000712e00000| PB 0x0000000712e00000| Untracked 
|  95|0x0000000713000000, 0x0000000713000000, 0x0000000713200000|  0%| F|  |TAMS 0x0000000713000000| PB 0x0000000713000000| Untracked 
|  96|0x0000000713200000, 0x0000000713200000, 0x0000000713400000|  0%| F|  |TAMS 0x0000000713200000| PB 0x0000000713200000| Untracked 
|  97|0x0000000713400000, 0x0000000713400000, 0x0000000713600000|  0%| F|  |TAMS 0x0000000713400000| PB 0x0000000713400000| Untracked 
|  98|0x0000000713600000, 0x0000000713600000, 0x0000000713800000|  0%| F|  |TAMS 0x0000000713600000| PB 0x0000000713600000| Untracked 
|  99|0x0000000713800000, 0x0000000713800000, 0x0000000713a00000|  0%| F|  |TAMS 0x0000000713800000| PB 0x0000000713800000| Untracked 
| 100|0x0000000713a00000, 0x0000000713a00000, 0x0000000713c00000|  0%| F|  |TAMS 0x0000000713a00000| PB 0x0000000713a00000| Untracked 
| 101|0x0000000713c00000, 0x0000000713c00000, 0x0000000713e00000|  0%| F|  |TAMS 0x0000000713c00000| PB 0x0000000713c00000| Untracked 
| 102|0x0000000713e00000, 0x0000000713e00000, 0x0000000714000000|  0%| F|  |TAMS 0x0000000713e00000| PB 0x0000000713e00000| Untracked 
| 103|0x0000000714000000, 0x0000000714000000, 0x0000000714200000|  0%| F|  |TAMS 0x0000000714000000| PB 0x0000000714000000| Untracked 
| 104|0x0000000714200000, 0x0000000714200000, 0x0000000714400000|  0%| F|  |TAMS 0x0000000714200000| PB 0x0000000714200000| Untracked 
| 105|0x0000000714400000, 0x0000000714400000, 0x0000000714600000|  0%| F|  |TAMS 0x0000000714400000| PB 0x0000000714400000| Untracked 
| 106|0x0000000714600000, 0x0000000714600000, 0x0000000714800000|  0%| F|  |TAMS 0x0000000714600000| PB 0x0000000714600000| Untracked 
| 107|0x0000000714800000, 0x0000000714800000, 0x0000000714a00000|  0%| F|  |TAMS 0x0000000714800000| PB 0x0000000714800000| Untracked 
| 108|0x0000000714a00000, 0x0000000714a00000, 0x0000000714c00000|  0%| F|  |TAMS 0x0000000714a00000| PB 0x0000000714a00000| Untracked 
| 109|0x0000000714c00000, 0x0000000714c00000, 0x0000000714e00000|  0%| F|  |TAMS 0x0000000714c00000| PB 0x0000000714c00000| Untracked 
| 110|0x0000000714e00000, 0x0000000714ead620, 0x0000000715000000| 33%| S|CS|TAMS 0x0000000714e00000| PB 0x0000000714e00000| Complete 
| 111|0x0000000715000000, 0x0000000715200000, 0x0000000715200000|100%| S|CS|TAMS 0x0000000715000000| PB 0x0000000715000000| Complete 
| 112|0x0000000715200000, 0x0000000715200000, 0x0000000715400000|  0%| F|  |TAMS 0x0000000715200000| PB 0x0000000715200000| Untracked 
| 113|0x0000000715400000, 0x0000000715400000, 0x0000000715600000|  0%| F|  |TAMS 0x0000000715400000| PB 0x0000000715400000| Untracked 
| 114|0x0000000715600000, 0x0000000715600000, 0x0000000715800000|  0%| F|  |TAMS 0x0000000715600000| PB 0x0000000715600000| Untracked 
| 115|0x0000000715800000, 0x0000000715800000, 0x0000000715a00000|  0%| F|  |TAMS 0x0000000715800000| PB 0x0000000715800000| Untracked 
| 116|0x0000000715a00000, 0x0000000715a00000, 0x0000000715c00000|  0%| F|  |TAMS 0x0000000715a00000| PB 0x0000000715a00000| Untracked 
| 117|0x0000000715c00000, 0x0000000715c00000, 0x0000000715e00000|  0%| F|  |TAMS 0x0000000715c00000| PB 0x0000000715c00000| Untracked 
| 118|0x0000000715e00000, 0x0000000715e00000, 0x0000000716000000|  0%| F|  |TAMS 0x0000000715e00000| PB 0x0000000715e00000| Untracked 
| 119|0x0000000716000000, 0x0000000716000000, 0x0000000716200000|  0%| F|  |TAMS 0x0000000716000000| PB 0x0000000716000000| Untracked 
| 120|0x0000000716200000, 0x0000000716200000, 0x0000000716400000|  0%| F|  |TAMS 0x0000000716200000| PB 0x0000000716200000| Untracked 
| 121|0x0000000716400000, 0x0000000716400000, 0x0000000716600000|  0%| F|  |TAMS 0x0000000716400000| PB 0x0000000716400000| Untracked 
| 122|0x0000000716600000, 0x0000000716600000, 0x0000000716800000|  0%| F|  |TAMS 0x0000000716600000| PB 0x0000000716600000| Untracked 
| 123|0x0000000716800000, 0x0000000716800000, 0x0000000716a00000|  0%| F|  |TAMS 0x0000000716800000| PB 0x0000000716800000| Untracked 
| 124|0x0000000716a00000, 0x0000000716abe020, 0x0000000716c00000| 37%| E|  |TAMS 0x0000000716a00000| PB 0x0000000716a00000| Complete 

Card table byte_map: [0x000001ebf8f00000,0x000001ebf96d0000] _byte_map_base: 0x000001ebf56c7000

Marking Bits: (CMBitMap*) 0x000001ebe3ae7670
 Bits: [0x000001ebf96d0000, 0x000001ebfd508000)

Polling page: 0x000001ebe3740000

Metaspace:

Usage:
  Non-class:     11.33 MB used.
      Class:      1.51 MB used.
       Both:     12.84 MB used.

Virtual space:
  Non-class space:       64.00 MB reserved,      11.50 MB ( 18%) committed,  1 nodes.
      Class space:        1.00 GB reserved,       1.69 MB ( <1%) committed,  1 nodes.
             Both:        1.06 GB reserved,      13.19 MB (  1%) committed. 

Chunk freelists:
   Non-Class:  4.53 MB
       Class:  14.30 MB
        Both:  18.83 MB

MaxMetaspaceSize: unlimited
CompressedClassSpaceSize: 1.00 GB
Initial GC threshold: 21.00 MB
Current GC threshold: 21.00 MB
CDS: on
 - commit_granule_bytes: 65536.
 - commit_granule_words: 8192.
 - virtual_space_node_default_size: 8388608.
 - enlarge_chunks_in_place: 1.
 - use_allocation_guard: 0.


Internal statistics:

num_allocs_failed_limit: 0.
num_arena_births: 338.
num_arena_deaths: 0.
num_vsnodes_births: 2.
num_vsnodes_deaths: 0.
num_space_committed: 211.
num_space_uncommitted: 0.
num_chunks_returned_to_freelist: 0.
num_chunks_taken_from_freelist: 653.
num_chunk_merges: 0.
num_chunk_splits: 397.
num_chunks_enlarged: 227.
num_inconsistent_stats: 0.

CodeHeap 'non-profiled nmethods': size=120000Kb used=648Kb max_used=648Kb free=119352Kb
 bounds [0x000001ebf0580000, 0x000001ebf07f0000, 0x000001ebf7ab0000]
CodeHeap 'profiled nmethods': size=120000Kb used=3624Kb max_used=3624Kb free=116375Kb
 bounds [0x000001ebe8ab0000, 0x000001ebe8e40000, 0x000001ebeffe0000]
CodeHeap 'non-nmethods': size=5760Kb used=1388Kb max_used=1400Kb free=4372Kb
 bounds [0x000001ebeffe0000, 0x000001ebf0250000, 0x000001ebf0580000]
CodeCache: size=245760Kb, used=5660Kb, max_used=5672Kb, free=240099Kb
 total_blobs=2496, nmethods=1952, adapters=448, full_count=0
Compilation: enabled, stopped_count=0, restarted_count=0

Compilation events (20 events):
Event: 5.217 Thread 0x000001eb80234ed0 1943   !   3       java.util.zip.Inflater::reset (64 bytes)
Event: 5.218 Thread 0x000001eb80234ed0 nmethod 1943 0x000001ebe8e2a810 code [0x000001ebe8e2a9e0, 0x000001ebe8e2ad70]
Event: 5.223 Thread 0x000001eb80234ed0 1944       3       jdk.internal.loader.BuiltinClassLoader::getAndVerifyPackage (113 bytes)
Event: 5.225 Thread 0x000001eb80234ed0 nmethod 1944 0x000001ebe8e2af10 code [0x000001ebe8e2b260, 0x000001ebe8e2c318]
Event: 5.225 Thread 0x000001eb80234ed0 1947   !   3       jdk.internal.loader.Resource::getBytes (244 bytes)
Event: 5.227 Thread 0x000001eb80234ed0 nmethod 1947 0x000001ebe8e2c910 code [0x000001ebe8e2cc40, 0x000001ebe8e2e330]
Event: 5.227 Thread 0x000001eb80234ed0 1950       3       jdk.internal.loader.URLClassPath$JarLoader$2::getCodeSourceURL (8 bytes)
Event: 5.227 Thread 0x000001eb80234ed0 nmethod 1950 0x000001ebe8e2ec90 code [0x000001ebe8e2ee20, 0x000001ebe8e2ef40]
Event: 5.227 Thread 0x000001eb80234ed0 1945       3       java.lang.ClassLoader::getDefinedPackage (36 bytes)
Event: 5.227 Thread 0x000001eb80234ed0 nmethod 1945 0x000001ebe8e2f010 code [0x000001ebe8e2f200, 0x000001ebe8e2f780]
Event: 5.228 Thread 0x000001eb80234ed0 1946       3       java.util.jar.Manifest::getAttributes (14 bytes)
Event: 5.228 Thread 0x000001eb80234ed0 nmethod 1946 0x000001ebe8e2f990 code [0x000001ebe8e2fb40, 0x000001ebe8e2fe30]
Event: 5.228 Thread 0x000001eb80234ed0 1948       3       java.util.zip.CRC32::<init> (5 bytes)
Event: 5.228 Thread 0x000001eb80234ed0 nmethod 1948 0x000001ebe8e2ff10 code [0x000001ebe8e300c0, 0x000001ebe8e30228]
Event: 5.228 Thread 0x000001eb80234ed0 1949       3       java.util.zip.CRC32::getValue (10 bytes)
Event: 5.228 Thread 0x000001eb80234ed0 nmethod 1949 0x000001ebe8e30310 code [0x000001ebe8e304a0, 0x000001ebe8e305c0]
Event: 5.228 Thread 0x000001eb80234ed0 1951   !   3       jdk.internal.loader.BuiltinClassLoader::defineOrCheckPackage (94 bytes)
Event: 5.229 Thread 0x000001eb80234ed0 nmethod 1951 0x000001ebe8e30690 code [0x000001ebe8e30900, 0x000001ebe8e311d0]
Event: 5.258 Thread 0x000001eb80234ed0 1952   !   3       java.lang.String::<init> (890 bytes)
Event: 5.267 Thread 0x000001eb80234ed0 nmethod 1952 0x000001ebe8e31510 code [0x000001ebe8e31de0, 0x000001ebe8e372e0]

GC Heap History (2 events):
Event: 1.643 GC heap before
{Heap before GC invocations=0 (full 0):
 garbage-first heap   total 256000K, used 20480K [0x0000000707200000, 0x0000000800000000)
  region size 2048K, 11 young (22528K), 0 survivors (0K)
 Metaspace       used 6751K, committed 6976K, reserved 1114112K
  class space    used 777K, committed 896K, reserved 1048576K
}
Event: 1.646 GC heap after
{Heap after GC invocations=1 (full 0):
 garbage-first heap   total 256000K, used 9287K [0x0000000707200000, 0x0000000800000000)
  region size 2048K, 2 young (4096K), 2 survivors (4096K)
 Metaspace       used 6751K, committed 6976K, reserved 1114112K
  class space    used 777K, committed 896K, reserved 1048576K
}

Dll operation events (8 events):
Event: 0.012 Loaded shared library C:\Users\NEWUSER\.p2\pool\plugins\org.eclipse.justj.openjdk.hotspot.jre.full.win32.x86_64_21.0.9.v20251105-0741\jre\bin\java.dll
Event: 0.046 Loaded shared library C:\Users\NEWUSER\.p2\pool\plugins\org.eclipse.justj.openjdk.hotspot.jre.full.win32.x86_64_21.0.9.v20251105-0741\jre\bin\zip.dll
Event: 0.090 Loaded shared library C:\Users\NEWUSER\.p2\pool\plugins\org.eclipse.justj.openjdk.hotspot.jre.full.win32.x86_64_21.0.9.v20251105-0741\jre\bin\net.dll
Event: 0.091 Loaded shared library C:\Users\NEWUSER\.p2\pool\plugins\org.eclipse.justj.openjdk.hotspot.jre.full.win32.x86_64_21.0.9.v20251105-0741\jre\bin\nio.dll
Event: 0.095 Loaded shared library C:\Users\NEWUSER\.p2\pool\plugins\org.eclipse.justj.openjdk.hotspot.jre.full.win32.x86_64_21.0.9.v20251105-0741\jre\bin\zip.dll
Event: 0.158 Loaded shared library C:\Users\NEWUSER\.p2\pool\plugins\org.eclipse.justj.openjdk.hotspot.jre.full.win32.x86_64_21.0.9.v20251105-0741\jre\bin\jimage.dll
Event: 0.192 Loaded shared library C:\Users\NEWUSER\.p2\pool\plugins\org.eclipse.justj.openjdk.hotspot.jre.full.win32.x86_64_21.0.9.v20251105-0741\jre\bin\extnet.dll
Event: 1.579 Loaded shared library C:\Users\NEWUSER\.p2\pool\plugins\org.eclipse.justj.openjdk.hotspot.jre.full.win32.x86_64_21.0.9.v20251105-0741\jre\bin\sunmscapi.dll

Deoptimization events (20 events):
Event: 2.048 Thread 0x000001ebc660bdb0 DEOPT PACKING pc=0x000001ebf060e4cc sp=0x0000000879ffdcc0
Event: 2.048 Thread 0x000001ebc660bdb0 DEOPT UNPACKING pc=0x000001ebf0034422 sp=0x0000000879ffdc38 mode 2
Event: 2.048 Thread 0x000001ebc660bdb0 Uncommon trap: trap_request=0xffffffde fr.pc=0x000001ebf060e4cc relative=0x000000000000012c
Event: 2.048 Thread 0x000001ebc660bdb0 Uncommon trap: reason=class_check action=maybe_recompile pc=0x000001ebf060e4cc method=jdk.internal.misc.Unsafe.allocateUninitializedArray(Ljava/lang/Class;I)Ljava/lang/Object; @ 51 c2
Event: 2.048 Thread 0x000001ebc660bdb0 DEOPT PACKING pc=0x000001ebf060e4cc sp=0x0000000879ffdcc0
Event: 2.048 Thread 0x000001ebc660bdb0 DEOPT UNPACKING pc=0x000001ebf0034422 sp=0x0000000879ffdc38 mode 2
Event: 2.048 Thread 0x000001ebc660bdb0 Uncommon trap: trap_request=0xffffffde fr.pc=0x000001ebf060e4cc relative=0x000000000000012c
Event: 2.048 Thread 0x000001ebc660bdb0 Uncommon trap: reason=class_check action=maybe_recompile pc=0x000001ebf060e4cc method=jdk.internal.misc.Unsafe.allocateUninitializedArray(Ljava/lang/Class;I)Ljava/lang/Object; @ 51 c2
Event: 2.048 Thread 0x000001ebc660bdb0 DEOPT PACKING pc=0x000001ebf060e4cc sp=0x0000000879ffde00
Event: 2.048 Thread 0x000001ebc660bdb0 DEOPT UNPACKING pc=0x000001ebf0034422 sp=0x0000000879ffdd78 mode 2
Event: 3.934 Thread 0x000001ebe348c290 Uncommon trap: trap_request=0xffffffde fr.pc=0x000001ebf05e9964 relative=0x00000000000004c4
Event: 3.934 Thread 0x000001ebe348c290 Uncommon trap: reason=class_check action=maybe_recompile pc=0x000001ebf05e9964 method=java.util.HashMap.putVal(ILjava/lang/Object;Ljava/lang/Object;ZZ)Ljava/lang/Object; @ 253 c2
Event: 3.935 Thread 0x000001ebe348c290 DEOPT PACKING pc=0x000001ebf05e9964 sp=0x0000000877cfe400
Event: 3.935 Thread 0x000001ebe348c290 DEOPT UNPACKING pc=0x000001ebf0034422 sp=0x0000000877cfe390 mode 2
Event: 5.095 Thread 0x000001ebe348c290 Uncommon trap: trap_request=0xffffff45 fr.pc=0x000001ebf05e07f4 relative=0x0000000000000054
Event: 5.095 Thread 0x000001ebe348c290 Uncommon trap: reason=unstable_if action=reinterpret pc=0x000001ebf05e07f4 method=java.lang.CharacterData.of(I)Ljava/lang/CharacterData; @ 4 c2
Event: 5.095 Thread 0x000001ebe348c290 DEOPT PACKING pc=0x000001ebf05e07f4 sp=0x0000000877cfe420
Event: 5.095 Thread 0x000001ebe348c290 DEOPT UNPACKING pc=0x000001ebf0034422 sp=0x0000000877cfe3b8 mode 2
Event: 5.258 Thread 0x000001ebe348c290 DEOPT PACKING pc=0x000001ebe8b34d60 sp=0x0000000877cfa9c0
Event: 5.258 Thread 0x000001ebe348c290 DEOPT UNPACKING pc=0x000001ebf0034bc2 sp=0x0000000877cf9f70 mode 0

Classes loaded (20 events):
Event: 5.096 Loading class java/util/ResourceBundle$CacheKeyReference done
Event: 5.097 Loading class java/util/ResourceBundle$KeyElementReference done
Event: 5.097 Loading class java/util/ResourceBundle$3
Event: 5.097 Loading class java/util/ResourceBundle$3 done
Event: 5.098 Loading class sun/util/logging/resources/logging
Event: 5.098 Loading class sun/util/logging/resources/logging done
Event: 5.098 Loading class java/util/ResourceBundle$BundleReference
Event: 5.098 Loading class java/util/ResourceBundle$BundleReference done
Event: 5.098 Loading class sun/util/logging/resources/logging_en
Event: 5.098 Loading class sun/util/logging/resources/logging_en done
Event: 5.098 Loading class sun/util/logging/resources/logging_en
Event: 5.098 Loading class sun/util/logging/resources/logging_en done
Event: 5.099 Loading class sun/util/logging/resources/logging_en_IN
Event: 5.099 Loading class sun/util/logging/resources/logging_en_IN done
Event: 5.099 Loading class sun/util/logging/resources/logging_en_IN
Event: 5.099 Loading class sun/util/logging/resources/logging_en_IN done
Event: 5.099 Loading class java/util/Formatter$DateTime
Event: 5.099 Loading class java/util/Formatter$DateTime done
Event: 5.099 Loading class java/time/ZonedDateTime$1
Event: 5.099 Loading class java/time/ZonedDateTime$1 done

Classes unloaded (0 events):
No events

Classes redefined (0 events):
No events

Internal exceptions (20 events):
Event: 1.598 Thread 0x000001ebe348c290 Exception <a 'sun/nio/fs/WindowsException'{0x00000007158ee148}> (0x00000007158ee148) 
thrown [s\src\hotspot\share\prims\jni.cpp, line 520]
Event: 1.635 Thread 0x000001ebe348c290 Exception <a 'java/lang/NoSuchMethodError'{0x000000071579d4a8}: 'void java.lang.invoke.DirectMethodHandle$Holder.invokeVirtual(java.lang.Object, java.lang.Object)'> (0x000000071579d4a8) 
thrown [s\src\hotspot\share\interpreter\linkResolver.cpp, line 773]
Event: 1.672 Thread 0x000001ebe348c290 Exception <a 'java/lang/NoSuchMethodError'{0x0000000716793d80}: 'java.lang.Object java.lang.invoke.DirectMethodHandle$Holder.invokeStaticInit(java.lang.Object, int, int, int, int)'> (0x0000000716793d80) 
thrown [s\src\hotspot\share\interpreter\linkResolver.cpp, line 773]
Event: 1.690 Thread 0x000001ebe348c290 Exception <a 'java/lang/NoSuchMethodError'{0x000000071645a710}: 'java.lang.Object java.lang.invoke.DirectMethodHandle$Holder.invokeStaticInit(java.lang.Object, java.lang.Object, int, int, int, int)'> (0x000000071645a710) 
thrown [s\src\hotspot\share\interpreter\linkResolver.cpp, line 773]
Event: 1.740 Thread 0x000001ebe348c290 Exception <a 'java/lang/NoSuchMethodError'{0x0000000716233340}: 'java.lang.Object java.lang.invoke.DirectMethodHandle$Holder.invokeInterface(java.lang.Object, java.lang.Object, java.lang.Object)'> (0x0000000716233340) 
thrown [s\src\hotspot\share\interpreter\linkResolver.cpp, line 773]
Event: 1.740 Thread 0x000001ebe348c290 Exception <a 'java/lang/IncompatibleClassChangeError'{0x0000000716236748}: Found class java.lang.Object, but interface was expected> (0x0000000716236748) 
thrown [s\src\hotspot\share\interpreter\linkResolver.cpp, line 840]
Event: 1.741 Thread 0x000001ebe348c290 Exception <a 'java/lang/NoSuchMethodError'{0x000000071623dcb8}: 'int java.lang.invoke.DirectMethodHandle$Holder.invokeSpecialIFC(java.lang.Object, java.lang.Object, java.lang.Object, java.lang.Object)'> (0x000000071623dcb8) 
thrown [s\src\hotspot\share\interpreter\linkResolver.cpp, line 773]
Event: 1.743 Thread 0x000001ebe348c290 Exception <a 'java/lang/NoSuchMethodError'{0x0000000716262258}: 'java.lang.Object java.lang.invoke.DirectMethodHandle$Holder.invokeVirtual(java.lang.Object, java.lang.Object, java.lang.Object, java.lang.Object)'> (0x0000000716262258) 
thrown [s\src\hotspot\share\interpreter\linkResolver.cpp, line 773]
Event: 1.932 Thread 0x000001ebc65bc430 Exception <a 'java/net/ConnectException'{0x00000007162f2650}: Connection refused: getsockopt> (0x00000007162f2650) 
thrown [s\src\hotspot\share\prims\jni.cpp, line 539]
Event: 1.962 Thread 0x000001ebc65bc430 Exception <a 'java/net/ConnectException'{0x00000007162f37a8}: Connection refused: getsockopt> (0x00000007162f37a8) 
thrown [s\src\hotspot\share\prims\jni.cpp, line 539]
Event: 2.020 Thread 0x000001ebe348c290 Exception <a 'java/lang/NoSuchMethodError'{0x000000071639d280}: 'java.lang.Object java.lang.invoke.DirectMethodHandle$Holder.newInvokeSpecial(java.lang.Object, java.lang.Object, int, int)'> (0x000000071639d280) 
thrown [s\src\hotspot\share\interpreter\linkResolver.cpp, line 773]
Event: 2.021 Thread 0x000001ebe348c290 Exception <a 'java/lang/NoSuchMethodError'{0x00000007163a7ac0}: 'void java.lang.invoke.DirectMethodHandle$Holder.invokeStatic(java.lang.Object, java.lang.Object, int)'> (0x00000007163a7ac0) 
thrown [s\src\hotspot\share\interpreter\linkResolver.cpp, line 773]
Event: 2.027 Thread 0x000001ebe348c290 Exception <a 'java/lang/NoSuchMethodError'{0x0000000716023928}: 'java.lang.Object java.lang.invoke.DirectMethodHandle$Holder.newInvokeSpecial(java.lang.Object, java.lang.Object, java.lang.Object, java.lang.Object, java.lang.Object)'> (0x0000000716023928) 
thrown [s\src\hotspot\share\interpreter\linkResolver.cpp, line 773]
Event: 2.055 Thread 0x000001ebc660bdb0 Exception <a 'java/lang/NoSuchMethodError'{0x0000000715e62270}: 'java.lang.Object java.lang.invoke.DirectMethodHandle$Holder.invokeSpecial(java.lang.Object, java.lang.Object, java.lang.Object, java.lang.Object, int)'> (0x0000000715e62270) 
thrown [s\src\hotspot\share\interpreter\linkResolver.cpp, line 773]
Event: 2.055 Thread 0x000001ebc660bdb0 Exception <a 'java/lang/NoSuchMethodError'{0x0000000715e65bd8}: 'java.lang.Object java.lang.invoke.Invokers$Holder.linkToTargetMethod(java.lang.Object, java.lang.Object, int, java.lang.Object)'> (0x0000000715e65bd8) 
thrown [s\src\hotspot\share\interpreter\linkResolver.cpp, line 773]
Event: 2.061 Thread 0x000001ebc660bdb0 Exception <a 'java/lang/NoSuchMethodError'{0x0000000715ed90f0}: 'void java.lang.invoke.DirectMethodHandle$Holder.invokeSpecial(java.lang.Object, java.lang.Object, java.lang.Object)'> (0x0000000715ed90f0) 
thrown [s\src\hotspot\share\interpreter\linkResolver.cpp, line 773]
Event: 2.068 Thread 0x000001ebc660bdb0 Exception <a 'java/lang/NoSuchMethodError'{0x0000000715f7eb40}: 'void java.lang.invoke.DirectMethodHandle$Holder.invokeSpecial(java.lang.Object, java.lang.Object, java.lang.Object, java.lang.Object, java.lang.Object)'> (0x0000000715f7eb40) 
thrown [s\src\hotspot\share\interpreter\linkResolver.cpp, line 773]
Event: 3.913 Thread 0x000001ebc660bdb0 Exception <a 'java/lang/NoSuchMethodError'{0x0000000715d04368}: 'void java.lang.invoke.DirectMethodHandle$Holder.invokeSpecial(java.lang.Object, java.lang.Object, java.lang.Object, java.lang.Object, java.lang.Object, java.lang.Object, java.lang.Object)'> (0x0000000715d04368) 
thrown [s\src\hotspot\share\interpreter\linkResolver.cpp, line 773]
Event: 3.926 Thread 0x000001ebe348c290 Exception <a 'java/lang/NoSuchMethodError'{0x0000000715d60ef8}: 'java.lang.Object java.lang.invoke.DirectMethodHandle$Holder.invokeSpecialIFC(java.lang.Object, java.lang.Object, java.lang.Object)'> (0x0000000715d60ef8) 
thrown [s\src\hotspot\share\interpreter\linkResolver.cpp, line 773]
Event: 5.097 Thread 0x000001ebe348c290 Exception <a 'java/lang/ClassNotFoundException'{0x0000000715615370}: sun/util/logging/resources/spi/loggingProvider> (0x0000000715615370) 
thrown [s\src\hotspot\share\classfile\systemDictionary.cpp, line 312]

ZGC Phase Switch (0 events):
No events

VM Operations (20 events):
Event: 1.583 Executing VM operation: HandshakeAllThreads (Deoptimize)
Event: 1.583 Executing VM operation: HandshakeAllThreads (Deoptimize) done
Event: 1.631 Executing VM operation: HandshakeAllThreads (Deoptimize)
Event: 1.631 Executing VM operation: HandshakeAllThreads (Deoptimize) done
Event: 1.643 Executing VM operation: G1CollectForAllocation (G1 Evacuation Pause)
Event: 1.646 Executing VM operation: G1CollectForAllocation (G1 Evacuation Pause) done
Event: 1.997 Executing VM operation: HandshakeAllThreads (Deoptimize)
Event: 1.997 Executing VM operation: HandshakeAllThreads (Deoptimize) done
Event: 3.009 Executing VM operation: Cleanup
Event: 3.009 Executing VM operation: Cleanup done
Event: 3.903 Executing VM operation: HandshakeAllThreads (Deoptimize)
Event: 3.903 Executing VM operation: HandshakeAllThreads (Deoptimize) done
Event: 3.905 Executing VM operation: HandshakeAllThreads (Deoptimize)
Event: 3.905 Executing VM operation: HandshakeAllThreads (Deoptimize) done
Event: 4.916 Executing VM operation: Cleanup
Event: 5.071 Executing VM operation: Cleanup done
Event: 5.094 Executing VM operation: HandshakeAllThreads (Deoptimize)
Event: 5.094 Executing VM operation: HandshakeAllThreads (Deoptimize) done
Event: 6.094 Executing VM operation: Cleanup
Event: 6.095 Executing VM operation: Cleanup done

Memory protections (0 events):
No events

Nmethod flushes (0 events):
No events

Events (20 events):
Event: 0.446 Thread 0x000001eb804f56e0 Thread exited: 0x000001eb804f56e0
Event: 0.461 Thread 0x000001ebe348c290 Thread added: 0x000001ebc63eb5b0
Event: 1.459 Thread 0x000001ebc63eb5b0 Thread exited: 0x000001ebc63eb5b0
Event: 1.512 Thread 0x000001ebe348c290 Thread added: 0x000001ebc64943b0
Event: 1.658 Thread 0x000001eb80234ed0 Thread added: 0x000001eb80bc56b0
Event: 1.729 Thread 0x000001ebe348c290 Thread added: 0x000001ebc65079c0
Event: 1.918 Thread 0x000001ebe348c290 Thread added: 0x000001ebc6506620
Event: 1.919 Thread 0x000001eb80bc56b0 Thread exited: 0x000001eb80bc56b0
Event: 1.920 Thread 0x000001ebe348c290 Thread added: 0x000001eb80bc5690
Event: 1.920 Thread 0x000001ebe348c290 Thread added: 0x000001ebc65abdd0
Event: 1.925 Thread 0x000001eb80bc5690 Thread added: 0x000001ebc65bc430
Event: 1.996 Thread 0x000001ebc65bc430 Thread added: 0x000001ebc65cd520
Event: 2.045 Thread 0x000001ebe348c290 Thread added: 0x000001ebc660bdb0
Event: 2.076 Thread 0x000001ebc65079c0 Thread added: 0x000001ebc666c610
Event: 2.076 Thread 0x000001ebc65079c0 Thread added: 0x000001ebc666cca0
Event: 3.980 Thread 0x000001ebe348c290 Thread added: 0x000001ebc6669820
Event: 3.981 Thread 0x000001ebe348c290 Thread added: 0x000001ebc666bf80
Event: 3.983 Thread 0x000001ebc6669820 Thread added: 0x000001ebc6669eb0
Event: 3.983 Thread 0x000001ebc6669820 Thread added: 0x000001ebc666a540
Event: 5.075 Thread 0x000001eb80234ed0 Thread added: 0x000001ebc6844f10


Dynamic libraries:
0x00007ff6f70a0000 - 0x00007ff6f70ae000 	C:\Users\NEWUSER\.p2\pool\plugins\org.eclipse.justj.openjdk.hotspot.jre.full.win32.x86_64_21.0.9.v20251105-0741\jre\bin\javaw.exe
0x00007ffbae580000 - 0x00007ffbae7e7000 	C:\WINDOWS\SYSTEM32\ntdll.dll
0x00007ffbad240000 - 0x00007ffbad309000 	C:\WINDOWS\System32\KERNEL32.DLL
0x00007ffbabf20000 - 0x00007ffbac30f000 	C:\WINDOWS\System32\KERNELBASE.dll
0x00007ffbabc60000 - 0x00007ffbabdab000 	C:\WINDOWS\System32\ucrtbase.dll
0x00007ffba6080000 - 0x00007ffba609e000 	C:\Users\NEWUSER\.p2\pool\plugins\org.eclipse.justj.openjdk.hotspot.jre.full.win32.x86_64_21.0.9.v20251105-0741\jre\bin\VCRUNTIME140.dll
0x00007ffb80590000 - 0x00007ffb805a8000 	C:\Users\NEWUSER\.p2\pool\plugins\org.eclipse.justj.openjdk.hotspot.jre.full.win32.x86_64_21.0.9.v20251105-0741\jre\bin\jli.dll
0x00007ffbae100000 - 0x00007ffbae2c5000 	C:\WINDOWS\System32\USER32.dll
0x00007ffbabe60000 - 0x00007ffbabe87000 	C:\WINDOWS\System32\win32u.dll
0x00007ffbac320000 - 0x00007ffbac34b000 	C:\WINDOWS\System32\GDI32.dll
0x00007ffbab6d0000 - 0x00007ffbab7fc000 	C:\WINDOWS\System32\gdi32full.dll
0x00007ffbabdb0000 - 0x00007ffbabe53000 	C:\WINDOWS\System32\msvcp_win.dll
0x00007ffb8f910000 - 0x00007ffb8fba3000 	C:\WINDOWS\WinSxS\amd64_microsoft.windows.common-controls_6595b64144ccf1df_6.0.26100.7309_none_3e05feeae336a044\COMCTL32.dll
0x00007ffbac350000 - 0x00007ffbac3f9000 	C:\WINDOWS\System32\msvcrt.dll
0x00007ffbadc80000 - 0x00007ffbadcb1000 	C:\WINDOWS\System32\IMM32.DLL
0x000000005c3d0000 - 0x000000005c3dc000 	C:\Program Files (x86)\360\Total Security\safemon\SafeWrapper.dll
0x00007ffbac8d0000 - 0x00007ffbac984000 	C:\WINDOWS\System32\ADVAPI32.dll
0x00007ffbae050000 - 0x00007ffbae0f6000 	C:\WINDOWS\System32\sechost.dll
0x00007ffbacc10000 - 0x00007ffbacd28000 	C:\WINDOWS\System32\RPCRT4.dll
0x00007ffb2db40000 - 0x00007ffb2dbec000 	C:\Program Files (x86)\360\Total Security\safemon\libzdtp64.dll
0x00007ffbad3f0000 - 0x00007ffbadb43000 	C:\WINDOWS\System32\SHELL32.dll
0x00007ffbabaf0000 - 0x00007ffbabc5a000 	C:\WINDOWS\System32\wintypes.dll
0x00007ffbadcc0000 - 0x00007ffbae045000 	C:\WINDOWS\System32\combase.dll
0x00007ffbae2e0000 - 0x00007ffbae346000 	C:\WINDOWS\System32\SHLWAPI.dll
0x00007ffbab1b0000 - 0x00007ffbab1bb000 	C:\WINDOWS\SYSTEM32\VERSION.dll
0x00007ffba82f0000 - 0x00007ffba82fc000 	C:\Users\NEWUSER\.p2\pool\plugins\org.eclipse.justj.openjdk.hotspot.jre.full.win32.x86_64_21.0.9.v20251105-0741\jre\bin\vcruntime140_1.dll
0x00007ffb69ae0000 - 0x00007ffb69b6d000 	C:\Users\NEWUSER\.p2\pool\plugins\org.eclipse.justj.openjdk.hotspot.jre.full.win32.x86_64_21.0.9.v20251105-0741\jre\bin\msvcp140.dll
0x00007ffb35bd0000 - 0x00007ffb36970000 	C:\Users\NEWUSER\.p2\pool\plugins\org.eclipse.justj.openjdk.hotspot.jre.full.win32.x86_64_21.0.9.v20251105-0741\jre\bin\server\jvm.dll
0x00007ffbac990000 - 0x00007ffbaca04000 	C:\WINDOWS\System32\WS2_32.dll
0x00007ffbab530000 - 0x00007ffbab58e000 	C:\WINDOWS\SYSTEM32\POWRPROF.dll
0x00007ffba3c80000 - 0x00007ffba3cb5000 	C:\WINDOWS\SYSTEM32\WINMM.dll
0x00007ffbab510000 - 0x00007ffbab524000 	C:\WINDOWS\SYSTEM32\UMPDC.dll
0x00007ffbaa3d0000 - 0x00007ffbaa3eb000 	C:\WINDOWS\SYSTEM32\kernel.appcore.dll
0x00007ffba8220000 - 0x00007ffba822a000 	C:\Users\NEWUSER\.p2\pool\plugins\org.eclipse.justj.openjdk.hotspot.jre.full.win32.x86_64_21.0.9.v20251105-0741\jre\bin\jimage.dll
0x00007ffba8d10000 - 0x00007ffba8f52000 	C:\WINDOWS\SYSTEM32\DBGHELP.DLL
0x00007ffbad310000 - 0x00007ffbad3e6000 	C:\WINDOWS\System32\OLEAUT32.dll
0x00007ffb83ae0000 - 0x00007ffb83b1c000 	C:\WINDOWS\SYSTEM32\dbgcore.DLL
0x00007ffbaba40000 - 0x00007ffbabae5000 	C:\WINDOWS\System32\bcryptPrimitives.dll
0x00007ffb9c250000 - 0x00007ffb9c270000 	C:\Users\NEWUSER\.p2\pool\plugins\org.eclipse.justj.openjdk.hotspot.jre.full.win32.x86_64_21.0.9.v20251105-0741\jre\bin\java.dll
0x00007ffba9220000 - 0x00007ffba9a7e000 	C:\WINDOWS\SYSTEM32\windows.storage.dll
0x00007ffbaca10000 - 0x00007ffbacb05000 	C:\WINDOWS\System32\SHCORE.dll
0x00007ffbab5f0000 - 0x00007ffbab619000 	C:\WINDOWS\SYSTEM32\profapi.dll
0x00007ffb9c050000 - 0x00007ffb9c068000 	C:\Users\NEWUSER\.p2\pool\plugins\org.eclipse.justj.openjdk.hotspot.jre.full.win32.x86_64_21.0.9.v20251105-0741\jre\bin\zip.dll
0x00007ffba6490000 - 0x00007ffba64a0000 	C:\Users\NEWUSER\.p2\pool\plugins\org.eclipse.justj.openjdk.hotspot.jre.full.win32.x86_64_21.0.9.v20251105-0741\jre\bin\net.dll
0x00007ffba3920000 - 0x00007ffba3a48000 	C:\WINDOWS\SYSTEM32\WINHTTP.dll
0x00007ffbaa920000 - 0x00007ffbaa98b000 	C:\WINDOWS\system32\mswsock.dll
0x00007ffb9a720000 - 0x00007ffb9a736000 	C:\Users\NEWUSER\.p2\pool\plugins\org.eclipse.justj.openjdk.hotspot.jre.full.win32.x86_64_21.0.9.v20251105-0741\jre\bin\nio.dll
0x00007ffb9a190000 - 0x00007ffb9a199000 	C:\Users\NEWUSER\.p2\pool\plugins\org.eclipse.justj.openjdk.hotspot.jre.full.win32.x86_64_21.0.9.v20251105-0741\jre\bin\extnet.dll
0x00007ffba9f50000 - 0x00007ffbaa07c000 	C:\WINDOWS\SYSTEM32\DNSAPI.dll
0x00007ffba9f10000 - 0x00007ffba9f44000 	C:\WINDOWS\SYSTEM32\IPHLPAPI.DLL
0x00007ffbae350000 - 0x00007ffbae35a000 	C:\WINDOWS\System32\NSI.dll
0x00007ffba3a50000 - 0x00007ffba3a5b000 	C:\Windows\System32\rasadhlp.dll
0x00007ffba56d0000 - 0x00007ffba5756000 	C:\WINDOWS\System32\fwpuclnt.dll
0x00007ffb9c1a0000 - 0x00007ffb9c1ae000 	C:\Users\NEWUSER\.p2\pool\plugins\org.eclipse.justj.openjdk.hotspot.jre.full.win32.x86_64_21.0.9.v20251105-0741\jre\bin\sunmscapi.dll
0x00007ffbab8c0000 - 0x00007ffbaba37000 	C:\WINDOWS\System32\CRYPT32.dll
0x00007ffbaae60000 - 0x00007ffbaae90000 	C:\WINDOWS\SYSTEM32\ncrypt.dll
0x00007ffbaae10000 - 0x00007ffbaae4f000 	C:\WINDOWS\SYSTEM32\NTASN1.dll
0x00007ffbaad10000 - 0x00007ffbaad2b000 	C:\WINDOWS\SYSTEM32\CRYPTSP.dll
0x00007ffbaa330000 - 0x00007ffbaa36a000 	C:\WINDOWS\system32\rsaenh.dll
0x00007ffbaa9d0000 - 0x00007ffbaa9fb000 	C:\WINDOWS\SYSTEM32\USERENV.dll
0x00007ffbab5c0000 - 0x00007ffbab5ea000 	C:\WINDOWS\SYSTEM32\bcrypt.dll
0x00007ffbaab70000 - 0x00007ffbaab7c000 	C:\WINDOWS\SYSTEM32\CRYPTBASE.dll
0x00007ffb87fc0000 - 0x00007ffb87fc8000 	C:\WINDOWS\system32\wshunix.dll

JVMTI agents: none

dbghelp: loaded successfully - version: 4.0.5 - missing functions: none
symbol engine: initialized successfully - sym options: 0x614 - pdb path: .;C:\Users\NEWUSER\.p2\pool\plugins\org.eclipse.justj.openjdk.hotspot.jre.full.win32.x86_64_21.0.9.v20251105-0741\jre\bin;C:\WINDOWS\SYSTEM32;C:\WINDOWS\WinSxS\amd64_microsoft.windows.common-controls_6595b64144ccf1df_6.0.26100.7309_none_3e05feeae336a044;C:\Program Files (x86)\360\Total Security\safemon;C:\Users\NEWUSER\.p2\pool\plugins\org.eclipse.justj.openjdk.hotspot.jre.full.win32.x86_64_21.0.9.v20251105-0741\jre\bin\server

VM Arguments:
jvm_args: -Dfile.encoding=UTF-8 -Dstdout.encoding=UTF-8 -Dstderr.encoding=UTF-8 -XX:+ShowCodeDetailsInExceptionMessages 
java_command: Databind.Logindata
java_class_path (initial): C:\Users\NEWUSER\eclipse-workspace\Demo\target\test-classes;C:\Users\NEWUSER\eclipse-workspace\Demo\target\classes;C:\Users\NEWUSER\.p2\pool\plugins\org.testng_7.11.0.r202503091654.jar;C:\Users\NEWUSER\.p2\pool\plugins\com.beust.jcommander_1.83.0.jar;C:\Users\NEWUSER\.p2\pool\plugins\slf4j.api_2.0.17.jar;C:\Users\NEWUSER\.p2\pool\plugins\org.yaml.snakeyaml_2.2.0.jar;C:\Users\NEWUSER\.p2\pool\plugins\org.webjars.jquery_3.7.1.jar;C:\Users\NEWUSER\.m2\repository\com\aventstack\extentreports\5.0.9\extentreports-5.0.9.jar;C:\Users\NEWUSER\.m2\repository\io\reactivex\rxjava3\rxjava\3.0.4\rxjava-3.0.4.jar;C:\Users\NEWUSER\.m2\repository\org\reactivestreams\reactive-streams\1.0.3\reactive-streams-1.0.3.jar;C:\Users\NEWUSER\.m2\repository\org\freemarker\freemarker\2.3.30\freemarker-2.3.30.jar;C:\Users\NEWUSER\.m2\repository\com\google\code\gson\gson\2.8.6\gson-2.8.6.jar;C:\Users\NEWUSER\.m2\repository\io\github\bonigarcia\webdrivermanager\5.9.2\webdrivermanager-5.9.2.jar;C:\Users\NEWUSER\.m2\repository\org\slf4j\slf4j-api\2.0.13\slf4j-api-2.0.13.jar;C:\Users\NEWUSER\.m2\repository\com\github\docker-java\docker-java\3.4.0\docker-java-3.4.0.jar;C:\Users\NEWUSER\.m2\repository\com\github\docker-java\docker-java-core\3.4.0\docker-java-core-3.4.0.jar;C:\Users\NEWUSER\.m2\repository\com\github\docker-java\docker-java-api\3.4.0\docker-java-api-3.4.0.jar;C:\Users\NEWUSER\.m2\repository\com\fasterxml\jackson\core\jackson-annotations\2.10.3\jackson-annotations-2.10.3.jar;C:\Users\NEWUSER\.m2\repository\com\fasterxml\jackson\core\jackson-databind\2.10.3\jackson-databind-2.10.3.jar;C:\Users\NEWUSER\.m2\repository\com\fasterxml\jackson\core\jackson-core\2.10.3\jackson-core-2.10.3.jar;C:\Users\NEWUSER\.m2\repository\org\slf4j\jcl-over-slf4j\1.7.30\jcl-over-slf4j-1.7.30.jar;C:\Users\NEWUSER\.m2\repository\com\github\docker-java\docker-java-transport-httpclient5\3.4.0\docker-java-transport-httpclient5-3.4.0.jar;C:\Users\NEWUSER\.m2\repository\com\github\docker-java\docker-java-transport\3.4.0\docker-java-transport-3.4.0.jar;C:\Users\NEWUSER\.m2\repository\net\java\dev\jna\jna\5.13.0\jna-5.13.0.jar;C:\Users\NEWUSER\.m2\repository\org\brotli\dec\0.1.2\dec-0.1.2.jar;C:\Users\NEWUSER\.m2\repository\org\apache\commons\commons-lang3\3.15.0\commons-lang3-3.15.0.jar;C:\Users\NEWUSER\.m2\repository\org\apache\commons\commons-compress\1.26.2\commons-compress-1.26.2.jar;C:\Users\NEWUSER\.m2\repository\org\apache\httpcomponents\client5\httpclient5\5.2.1\httpclient5-5.2.1.jar;C:\Users\NEWUSER\.m2\repository\org\apache\httpcomponents\core5\httpcore5\5.2\httpcore5-5.2.jar;C:\Users\NEWUSER\.m2\repository\org\apache\httpcomponents\core5\httpcore5-h2\5.2\httpcore5-h2-5.2.jar;C:\Users\NEWUSER\.m2\repository\org\seleniumhq\selenium\selenium-java\4.21.0\selenium-java-4.21.0.jar;C:\Users\NEWUSER\.m2\repository\org\seleniumhq\selenium\selenium-api\4.21.0\selenium-api-4.21.0.jar;C:\Users\NEWUSER\.m2\repository\org\seleniumhq\selenium\selenium-chrome-driver\4.21.0\selenium-chrome-driver-4.21.0.jar;C:\Users\NEWUSER\.m2\repository\com\google\auto\service\auto-service-annotations\1.1.1\auto-service-annotations-1.1.1.jar;C:\Users\NEWUSER\.m2\repository\org\seleniumhq\selenium\selenium-chromium-driver\4.21.0\selenium-chromium-driver-4.21.0.jar;C:\Users\NEWUSER\.m2\repository\org\seleniumhq\selenium\selenium-json\4.21.0\selenium-json-4.21.0.jar;C:\Users\NEWUSER\.m2\repository\org\seleniumhq\selenium\selenium-manager\4.21.0\selenium-manager-4.21.0.jar;C:\Users\NEWUSER\.m2\repository\org\seleniumhq\selenium\selenium-devtools-v123\4.21.0\selenium-devtools-v123-4.21.0.jar;C:\Users\NEWUSER\.m2\repository\org\seleniumhq\selenium\selenium-devtools-v124\4.21.0\selenium-devtools-v124-4.21.0.jar;C:\Users\NEWUSER\.m2\repository\org\seleniumhq\selenium\selenium-devtools-v125\4.21.0\selenium-devtools-v125-4.21.0.jar;C:\Users\NEWUSER\.m2\repository\org\seleniumhq\selenium\selenium-devtools-v85\4.21.0\selenium-devtools-v85-4.21.0.jar;C:\Users\NEWUSER\.m2\repository\org\seleniumhq\selenium\selenium-edge-driver\4.21.0\selenium-edge-driver-4.21.0.jar;C:\Users\NEWUSER\.m2\repository\org\seleniumhq\selenium\selenium-firefox-driver\4.21.0\selenium-firefox-driver-4.21.0.jar;C:\Users\NEWUSER\.m2\repository\org\seleniumhq\selenium\selenium-http\4.21.0\selenium-http-4.21.0.jar;C:\Users\NEWUSER\.m2\repository\dev\failsafe\failsafe\3.3.2\failsafe-3.3.2.jar;C:\Users\NEWUSER\.m2\repository\org\seleniumhq\selenium\selenium-ie-driver\4.21.0\selenium-ie-driver-4.21.0.jar;C:\Users\NEWUSER\.m2\repository\org\seleniumhq\selenium\selenium-remote-driver\4.21.0\selenium-remote-driver-4.21.0.jar;C:\Users\NEWUSER\.m2\repository\com\google\guava\guava\33.2.0-jre\guava-33.2.0-jre.jar;C:\Users\NEWUSER\.m2\repository\com\google\guava\failureaccess\1.0.2\failureaccess-1.0.2.jar;C:\Users\NEWUSER\.m2\repository\com\google\guava\listenablefuture\9999.0-empty-to-avoid-conflict-with-guava\listenablefuture-9999.0-empty-to-avoid-conflict-with-guava.jar;C:\Users\NEWUSER\.m2\repository\com\google\code\findbugs\jsr305\3.0.2\jsr305-3.0.2.jar;C:\Users\NEWUSER\.m2\repository\org\checkerframework\checker-qual\3.42.0\checker-qual-3.42.0.jar;C:\Users\NEWUSER\.m2\repository\com\google\errorprone\error_prone_annotations\2.26.1\error_prone_annotations-2.26.1.jar;C:\Users\NEWUSER\.m2\repository\com\google\j2objc\j2objc-annotations\3.0.0\j2objc-annotations-3.0.0.jar;C:\Users\NEWUSER\.m2\repository\io\opentelemetry\semconv\opentelemetry-semconv\1.25.0-alpha\opentelemetry-semconv-1.25.0-alpha.jar;C:\Users\NEWUSER\.m2\repository\io\opentelemetry\opentelemetry-api\1.38.0\opentelemetry-api-1.38.0.jar;C:\Users\NEWUSER\.m2\repository\io\opentelemetry\opentelemetry-context\1.38.0\opentelemetry-context-1.38.0.jar;C:\Users\NEWUSER\.m2\repository\io\opentelemetry\opentelemetry-exporter-logging\1.38.0\opentelemetry-exporter-logging-1.38.0.jar;C:\Users\NEWUSER\.m2\repository\io\opentelemetry\opentelemetry-sdk-common\1.38.0\opentelemetry-sdk-common-1.38.0.jar;C:\Users\NEWUSER\.m2\repository\io\opentelemetry\opentelemetry-sdk-extension-autoconfigure-spi\1.38.0\opentelemetry-sdk-extension-autoconfigure-spi-1.38.0.jar;C:\Users\NEWUSER\.m2\repository\io\opentelemetry\opentelemetry-sdk-extension-autoconfigure\1.38.0\opentelemetry-sdk-extension-autoconfigure-1.38.0.jar;C:\Users\NEWUSER\.m2\repository\io\opentelemetry\opentelemetry-api-incubator\1.38.0-alpha\opentelemetry-api-incubator-1.38.0-alpha.jar;C:\Users\NEWUSER\.m2\repository\io\opentelemetry\opentelemetry-sdk-trace\1.38.0\opentelemetry-sdk-trace-1.38.0.jar;C:\Users\NEWUSER\.m2\repository\io\opentelemetry\opentelemetry-sdk\1.38.0\opentelemetry-sdk-1.38.0.jar;C:\Users\NEWUSER\.m2\repository\io\opentelemetry\opentelemetry-sdk-metrics\1.38.0\opentelemetry-sdk-metrics-1.38.0.jar;C:\Users\NEWUSER\.m2\repository\io\opentelemetry\opentelemetry-sdk-logs\1.38.0\opentelemetry-sdk-logs-1.38.0.jar;C:\Users\NEWUSER\.m2\repository\net\bytebuddy\byte-buddy\1.14.15\byte-buddy-1.14.15.jar;C:\Users\NEWUSER\.m2\repository\org\seleniumhq\selenium\selenium-os\4.21.0\selenium-os-4.21.0.jar;C:\Users\NEWUSER\.m2\repository\org\apache\commons\commons-exec\1.4.0\commons-exec-1.4.0.jar;C:\Users\NEWUSER\.m2\repository\org\seleniumhq\selenium\selenium-safari-driver\4.21.0\selenium-safari-driver-4.21.0.jar;C:\Users\NEWUSER\.m2\repository\org\seleniumhq\selenium\selenium-support\4.21.0\selenium-support-4.21.0.jar;C:\Users\NEWUSER\.m2\repository\org\apache\poi\poi\5.4.0\poi-5.4.0.jar;C:\Users\NEWUSER\.m2\repository\commons-codec\commons-codec\1.17.1\commons-codec-1.17.1.jar;C:\Users\NEWUSER\.m2\repository\org\apache\commons\commons-collections4\4.4\commons-collections4-4.4.jar;C:\Users\NEWUSER\.m2\repository\org\apache\commons\commons-math3\3.6.1\commons-math3-3.6.1.jar;C:\Users\NEWUSER\.m2\repository\commons-io\commons-io\2.18.0\commons-io-2.18.0.jar;C:\Users\NEWUSER\.m2\repository\com\zaxxer\SparseBitSet\1.3\SparseBitSet-1.3.jar;C:\Users\NEWUSER\.m2\repository\org\apache\poi\poi-ooxml\5.4.0\poi-ooxml-5.4.0.jar;C:\Users\NEWUSER\.m2\repository\org\apache\poi\poi-ooxml-lite\5.4.0\poi-ooxml-lite-5.4.0.jar;C:\Users\NEWUSER\.m2\repository\org\apache\xmlbeans\xmlbeans\5.3.0\xmlbeans-5.3.0.jar;C:\Users\NEWUSER\.m2\repository\com\github\virtuald\curvesapi\1.08\curvesapi-1.08.jar;C:\Users\NEWUSER\.m2\repository\org\testng\testng\7.9.0\testng-7.9.0.jar;C:\Users\NEWUSER\.m2\repository\com\beust\jcommander\1.82\jcommander-1.82.jar;C:\Users\NEWUSER\.m2\repository\org\webjars\jquery\3.7.1\jquery-3.7.1.jar;C:\Users\NEWUSER\.m2\repository\org\apache\logging\log4j\log4j-api\2.21.1\log4j-api-2.21.1.jar;C:\Users\NEWUSER\.m2\repository\org\apache\logging\log4j\log4j-core\2.21.1\log4j-core-2.21.1.jar;C:\Users\NEWUSER\.m2\repository\org\apache\logging\log4j\log4j-slf4j-impl\2.21.1\log4j-slf4j-impl-2.21.1.jar;C:\Users\NEWUSER\.m2\repository\com\sun\mail\jakarta.mail\2.0.1\jakarta.mail-2.0.1.jar;C:\Users\NEWUSER\.m2\repository\com\sun\activation\jakarta.activation\2.0.1\jakarta.activation-2.0.1.jar;C:\Users\NEWUSER\.m2\repository\org\projectlombok\lombok\1.18.32\lombok-1.18.32.jar;C:\Users\NEWUSER\.m2\repository\org\jsoup\jsoup\1.16.1\jsoup-1.16.1.jar
Launcher Type: SUN_STANDARD

[Global flags]
     intx CICompilerCount                          = 4                                         {product} {ergonomic}
     uint ConcGCThreads                            = 3                                         {product} {ergonomic}
     uint G1ConcRefinementThreads                  = 10                                        {product} {ergonomic}
   size_t G1HeapRegionSize                         = 2097152                                   {product} {ergonomic}
    uintx GCDrainStackTargetSize                   = 64                                        {product} {ergonomic}
   size_t InitialHeapSize                          = 262144000                                 {product} {ergonomic}
   size_t MarkStackSize                            = 4194304                                   {product} {ergonomic}
   size_t MaxHeapSize                              = 4175429632                                {product} {ergonomic}
   size_t MaxNewSize                               = 2503999488                                {product} {ergonomic}
   size_t MinHeapDeltaBytes                        = 2097152                                   {product} {ergonomic}
   size_t MinHeapSize                              = 8388608                                   {product} {ergonomic}
    uintx NonNMethodCodeHeapSize                   = 5839372                                {pd product} {ergonomic}
    uintx NonProfiledCodeHeapSize                  = 122909434                              {pd product} {ergonomic}
    uintx ProfiledCodeHeapSize                     = 122909434                              {pd product} {ergonomic}
    uintx ReservedCodeCacheSize                    = 251658240                              {pd product} {ergonomic}
     bool SegmentedCodeCache                       = true                                      {product} {ergonomic}
     bool ShowCodeDetailsInExceptionMessages       = true                                   {manageable} {command line}
   size_t SoftMaxHeapSize                          = 4175429632                             {manageable} {ergonomic}
     bool UseCompressedOops                        = true                           {product lp64_product} {ergonomic}
     bool UseG1GC                                  = true                                      {product} {ergonomic}
     bool UseLargePagesIndividualAllocation        = false                                  {pd product} {ergonomic}

Logging:
Log output configuration:
 #0: stdout all=warning uptime,level,tags foldmultilines=false
 #1: stderr all=off uptime,level,tags foldmultilines=false

Release file:
JAVA_VERSION="21.0.9" 
MODULES="java.base java.compiler java.datatransfer java.xml java.prefs java.desktop java.instrument java.logging java.management java.security.sasl java.naming java.rmi java.management.rmi java.net.http java.scripting java.security.jgss java.transaction.xa java.sql java.sql.rowset java.xml.crypto java.se java.smartcardio jdk.accessibility jdk.internal.jvmstat jdk.attach jdk.charsets jdk.internal.opt jdk.zipfs jdk.compiler jdk.crypto.ec jdk.crypto.cryptoki jdk.crypto.mscapi jdk.dynalink jdk.internal.ed jdk.editpad jdk.hotspot.agent jdk.httpserver jdk.internal.le jdk.internal.vm.ci jdk.internal.vm.compiler jdk.internal.vm.compiler.management jdk.jartool jdk.javadoc jdk.jcmd jdk.management jdk.management.agent jdk.jconsole jdk.jdeps jdk.jdwp.agent jdk.jdi jdk.jfr jdk.jshell jdk.jsobject jdk.jstatd jdk.localedata jdk.management.jfr jdk.naming.dns jdk.naming.rmi jdk.net jdk.nio.mapmode jdk.random jdk.sctp jdk.security.auth jdk.security.jgss jdk.unsupported jdk.unsupported.desktop jdk.xml.dom" 

Environment Variables:
PATH=C:/Users/NEWUSER/.p2/pool/plugins/org.eclipse.justj.openjdk.hotspot.jre.full.win32.x86_64_21.0.9.v20251105-0741/jre/bin/server;C:/Users/NEWUSER/.p2/pool/plugins/org.eclipse.justj.openjdk.hotspot.jre.full.win32.x86_64_21.0.9.v20251105-0741/jre/bin;C:\Users\LENOVO\AppData\Local\Programs\Python\Python313;C:\Users\LENOVO\AppData\Local\Programs\Python\Python313\Scripts;C:\Program Files\Git\cmd;C:\Windows\System32;C:\Windows;C:\Windows\System32\Wbem;C:\Windows\System32\WindowsPowerShell\v1.0\;C:\Windows\System32\OpenSSH\;C:\Users\NEWUSER\AppData\Local\Microsoft\WindowsApps;;C:\WINDOWS\System32;
USERNAME=NEWUSER
OS=Windows_NT
PROCESSOR_IDENTIFIER=Intel64 Family 6 Model 186 Stepping 2, GenuineIntel
TMP=C:\Users\NEWUSER\AppData\Local\Temp
TEMP=C:\Users\NEWUSER\AppData\Local\Temp




Periodic native trim disabled

---------------  S Y S T E M  ---------------

OS:
 Windows 11 , 64 bit Build 26100 (10.0.26100.7309)
OS uptime: 1 days 5:22 hours
Hyper-V role detected

CPU: total 12 (initial active 12) (6 cores per cpu, 2 threads per core) family 6 model 186 stepping 2 microcode 0x5105, cx8, cmov, fxsr, ht, mmx, 3dnowpref, sse, sse2, sse3, ssse3, sse4.1, sse4.2, popcnt, lzcnt, tsc, tscinvbit, avx, avx2, aes, erms, clmul, bmi1, bmi2, adx, sha, fma, vzeroupper, clflush, clflushopt, clwb, hv, serialize, rdtscp, rdpid, fsrm, f16c, cet_ibt, cet_ss
Processor Information for the first 12 processors :
  Max Mhz: 2200, Current Mhz: 2200, Mhz Limit: 2200

Memory: 4k page, system-wide physical 15926M (1592M free)
TotalPageFile size 51279M (AvailPageFile size 3M)
current process WorkingSet (physical memory assigned to process): 143M, peak: 145M
current process commit charge ("private bytes"): 397M, peak: 398M

vm_info: OpenJDK 64-Bit Server VM (21.0.9+10-LTS) for windows-amd64 JRE (21.0.9+10-LTS), built on 2025-10-21T00:00:00Z by "admin" with unknown MS VC++:1942

END.
